[26Dec2024 00:16:41.627] [Netty Epoll Server IO #3/WARN] [com.connectivity.Connectivity/]: Packet:ServerboundBlockEntityTagQuery  id 1 larger than expected error detected, printing packet and buffer. Stacktrace gets logged after this
[26Dec2024 00:16:41.634] [Netty Epoll Server IO #3/WARN] [com.connectivity.Connectivity/]: Packet data:
{
  "f_133798_": 1,
  "f_133799_": "BlockPos{x=2622464, y=855, z=1073200}"
}
[26Dec2024 00:16:41.634] [Netty Epoll Server IO #3/WARN] [com.connectivity.Connectivity/]: Packet:PooledUnsafeDirectByteBuf  id 1 data of 11 extra bytes: 
[26Dec2024 00:16:41.635] [Netty Epoll Server IO #3/WARN] [com.connectivity.Connectivity/]: Packet data:
[
  "<partial numeric data>",
  "[-47, -64, 118, -73, 82, 121, -50, 120, -112, -23, 38]"
]
[26Dec2024 00:16:42.127] [Netty Epoll Server IO #1/WARN] [com.connectivity.Connectivity/]: Packet:ServerboundBlockEntityTagQuery  id 1 larger than expected error detected, printing packet and buffer. Stacktrace gets logged after this
[26Dec2024 00:16:42.127] [Netty Epoll Server IO #1/WARN] [com.connectivity.Connectivity/]: Packet data:
{
  "f_133798_": 1,
  "f_133799_": "BlockPos{x=2622464, y=902, z=1073200}"
}
[26Dec2024 00:16:42.128] [Netty Epoll Server IO #1/WARN] [com.connectivity.Connectivity/]: Packet:PooledUnsafeDirectByteBuf  id 1 data of 11 extra bytes: 
[26Dec2024 00:16:42.128] [Netty Epoll Server IO #1/WARN] [com.connectivity.Connectivity/]: Packet data:
[
  "<partial numeric data>",
  "[109, 67, 3, 110, -41, 108, 1, 22, 65, 82, 59]"
]
[26Dec2024 00:16:42.296] [Netty Epoll Server IO #2/WARN] [com.connectivity.Connectivity/]: Packet:ServerboundBlockEntityTagQuery  id 1 larger than expected error detected, printing packet and buffer. Stacktrace gets logged after this
[26Dec2024 00:16:42.297] [Netty Epoll Server IO #2/WARN] [com.connectivity.Connectivity/]: Packet data:
{
  "f_133798_": 1,
  "f_133799_": "BlockPos{x=2622464, y=991, z=1073200}"
}
[26Dec2024 00:16:42.297] [Netty Epoll Server IO #2/WARN] [com.connectivity.Connectivity/]: Packet:PooledUnsafeDirectByteBuf  id 1 data of 11 extra bytes: 
[26Dec2024 00:16:42.297] [Netty Epoll Server IO #2/WARN] [com.connectivity.Connectivity/]: Packet data:
[
  "<partial numeric data>",
  "[-54, 77, 118, -4, 119, -7, 11, 107, -42, -76, -31]"
]
[26Dec2024 00:16:42.574] [Netty Epoll Server IO #3/WARN] [com.connectivity.Connectivity/]: Packet:ServerboundBlockEntityTagQuery  id 1 larger than expected error detected, printing packet and buffer. Stacktrace gets logged after this
[26Dec2024 00:16:42.575] [Netty Epoll Server IO #3/WARN] [com.connectivity.Connectivity/]: Packet data:
{
  "f_133798_": 1,
  "f_133799_": "BlockPos{x=2622464, y=805, z=1073200}"
}
[26Dec2024 00:16:42.575] [Netty Epoll Server IO #3/WARN] [com.connectivity.Connectivity/]: Packet:PooledUnsafeDirectByteBuf  id 1 data of 106 extra bytes: 
[26Dec2024 00:16:42.576] [Netty Epoll Server IO #3/WARN] [com.connectivity.Connectivity/]: Packet data:
[
  ",+aUcH[*ij GVV#Ck(K2Fy&+/,0/5"
]
[26Dec2024 00:16:42.577] [Netty Epoll Server IO #3/WARN] [com.connectivity.Connectivity/]: Packet:ServerboundContainerButtonClickPacket  id 10 larger than expected error detected, printing packet and buffer. Stacktrace gets logged after this
[26Dec2024 00:16:42.579] [Netty Epoll Server IO #3/WARN] [com.connectivity.Connectivity/]: Packet data:
{
  "f_133923_": 85,
  "f_133924_": -69
}
[26Dec2024 00:16:42.579] [Netty Epoll Server IO #3/WARN] [com.connectivity.Connectivity/]: Packet:PooledUnsafeDirectByteBuf  id 10 data of 120 extra bytes: 
[26Dec2024 00:16:42.580] [Netty Epoll Server IO #3/WARN] [com.connectivity.Connectivity/]: Packet data:
[
  "cH[*ij GVV#Ck(K2Fy&+/,0/516.ip.gl.ply.gg"
]
[26Dec2024 00:16:42.582] [Netty Epoll Server IO #3/WARN] [com.connectivity.Connectivity/]: Packet:ServerboundPongPacket  id 32 larger than expected error detected, printing packet and buffer. Stacktrace gets logged after this
[26Dec2024 00:16:42.582] [Netty Epoll Server IO #3/WARN] [com.connectivity.Connectivity/]: Packet data:
{
  "f_179721_": 1196861875
}
[26Dec2024 00:16:42.583] [Netty Epoll Server IO #3/WARN] [com.connectivity.Connectivity/]: Packet:PooledUnsafeDirectByteBuf  id 32 data of 140 extra bytes: 
[26Dec2024 00:16:42.584] [Netty Epoll Server IO #3/WARN] [com.connectivity.Connectivity/]: Packet data:
[
  "V#Ck(K2Fy&+/,0/516.ip.gl.ply.gg"
]
[26Dec2024 00:16:42.590] [Netty Epoll Server IO #3/WARN] [com.connectivity.Connectivity/]: Packet:ServerboundSetCarriedItemPacket  id 40 larger than expected error detected, printing packet and buffer. Stacktrace gets logged after this
[26Dec2024 00:16:42.591] [Netty Epoll Server IO #3/WARN] [com.connectivity.Connectivity/]: Packet data:
{
  "f_134488_": -17536
}
[26Dec2024 00:16:42.596] [Netty Epoll Server IO #3/WARN] [com.connectivity.Connectivity/]: Packet:PooledUnsafeDirectByteBuf  id 40 data of 156 extra bytes: 
[26Dec2024 00:16:42.597] [Netty Epoll Server IO #3/WARN] [com.connectivity.Connectivity/]: Packet data:
[
  "K2Fy&+/,0/516.ip.gl.ply.gg+3&"
]
[26Dec2024 00:16:42.599] [Netty Epoll Server IO #3/WARN] [com.connectivity.Connectivity/]: Packet:ServerboundPickItemPacket  id 26 larger than expected error detected, printing packet and buffer. Stacktrace gets logged after this
[26Dec2024 00:16:42.600] [Netty Epoll Server IO #3/WARN] [com.connectivity.Connectivity/]: Packet data:
{
  "f_134222_": 70
}
[26Dec2024 00:16:42.600] [Netty Epoll Server IO #3/WARN] [com.connectivity.Connectivity/]: Packet:PooledUnsafeDirectByteBuf  id 26 data of 182 extra bytes: 
[26Dec2024 00:16:42.602] [Netty Epoll Server IO #3/WARN] [com.connectivity.Connectivity/]: Packet data:
[
  "y&+/,0/516.ip.gl.ply.gg+3& \\P6F^l>#G#F]x)spa"
]
[26Dec2024 00:16:42.605] [Netty Epoll Server IO #3/WARN] [io.netty.util.concurrent.DefaultPromise/]: An exception was thrown by net.minecraft.network.Connection$$Lambda/0x00007b61804c1248.operationComplete()
java.util.NoSuchElementException: DefaultChannelPipeline$TailContext#0
	at io.netty.channel.DefaultChannelPipeline.getContextOrDie(DefaultChannelPipeline.java:1073) ~[netty-transport-4.1.82.Final.jar%2385!/:4.1.82.Final]
	at io.netty.channel.DefaultChannelPipeline.remove(DefaultChannelPipeline.java:423) ~[netty-transport-4.1.82.Final.jar%2385!/:4.1.82.Final]
	at net.minecraft.network.Connection.md1cccab$lambda$on$0$2(Connection.java:1110) ~[server-1.20.1-20230612.114412-srg.jar%23381!/:?]
	at io.netty.util.concurrent.DefaultPromise.notifyListener0(DefaultPromise.java:578) ~[netty-common-4.1.82.Final.jar%2382!/:4.1.82.Final]
	at io.netty.util.concurrent.DefaultPromise.notifyListenersNow(DefaultPromise.java:552) ~[netty-common-4.1.82.Final.jar%2382!/:4.1.82.Final]
	at io.netty.util.concurrent.DefaultPromise.notifyListeners(DefaultPromise.java:491) ~[netty-common-4.1.82.Final.jar%2382!/:4.1.82.Final]
	at io.netty.util.concurrent.DefaultPromise.addListener(DefaultPromise.java:184) ~[netty-common-4.1.82.Final.jar%2382!/:4.1.82.Final]
	at io.netty.channel.DefaultChannelPromise.addListener(DefaultChannelPromise.java:95) ~[netty-transport-4.1.82.Final.jar%2385!/:4.1.82.Final]
	at io.netty.channel.DefaultChannelPromise.addListener(DefaultChannelPromise.java:30) ~[netty-transport-4.1.82.Final.jar%2385!/:4.1.82.Final]
	at net.minecraft.network.Connection.md1cccab$lambda$on$1$1(Connection.java:1088) ~[server-1.20.1-20230612.114412-srg.jar%23381!/:?]
	at io.netty.util.concurrent.DefaultPromise.notifyListener0(DefaultPromise.java:578) ~[netty-common-4.1.82.Final.jar%2382!/:4.1.82.Final]
	at io.netty.util.concurrent.DefaultPromise.notifyListenersNow(DefaultPromise.java:552) ~[netty-common-4.1.82.Final.jar%2382!/:4.1.82.Final]
	at io.netty.util.concurrent.DefaultPromise.notifyListeners(DefaultPromise.java:491) ~[netty-common-4.1.82.Final.jar%2382!/:4.1.82.Final]
	at io.netty.util.concurrent.DefaultPromise.setValue0(DefaultPromise.java:616) ~[netty-common-4.1.82.Final.jar%2382!/:4.1.82.Final]
	at io.netty.util.concurrent.DefaultPromise.setSuccess0(DefaultPromise.java:605) ~[netty-common-4.1.82.Final.jar%2382!/:4.1.82.Final]
	at io.netty.util.concurrent.DefaultPromise.trySuccess(DefaultPromise.java:104) ~[netty-common-4.1.82.Final.jar%2382!/:4.1.82.Final]
	at io.netty.channel.DefaultChannelPromise.trySuccess(DefaultChannelPromise.java:84) ~[netty-transport-4.1.82.Final.jar%2385!/:4.1.82.Final]
	at io.netty.channel.AbstractChannel$AbstractUnsafe.safeSetSuccess(AbstractChannel.java:990) ~[netty-transport-4.1.82.Final.jar%2385!/:4.1.82.Final]
	at io.netty.channel.AbstractChannel$AbstractUnsafe$7.run(AbstractChannel.java:823) ~[netty-transport-4.1.82.Final.jar%2385!/:4.1.82.Final]
	at io.netty.util.concurrent.AbstractEventExecutor.runTask(AbstractEventExecutor.java:174) ~[netty-common-4.1.82.Final.jar%2382!/:4.1.82.Final]
	at io.netty.util.concurrent.AbstractEventExecutor.safeExecute(AbstractEventExecutor.java:167) ~[netty-common-4.1.82.Final.jar%2382!/:4.1.82.Final]
	at io.netty.util.concurrent.SingleThreadEventExecutor.runAllTasks(SingleThreadEventExecutor.java:470) ~[netty-common-4.1.82.Final.jar%2382!/:4.1.82.Final]
	at io.netty.channel.epoll.EpollEventLoop.run(EpollEventLoop.java:403) ~[netty-transport-classes-epoll-4.1.82.Final.jar%2386!/:4.1.82.Final]
	at io.netty.util.concurrent.SingleThreadEventExecutor$4.run(SingleThreadEventExecutor.java:997) ~[netty-common-4.1.82.Final.jar%2382!/:4.1.82.Final]
	at io.netty.util.internal.ThreadExecutorMap$2.run(ThreadExecutorMap.java:74) ~[netty-common-4.1.82.Final.jar%2382!/:4.1.82.Final]
	at java.lang.Thread.run(Thread.java:1583) ~[?:?]
[26Dec2024 00:16:42.643] [Netty Epoll Server IO #0/WARN] [com.connectivity.Connectivity/]: Packet:ServerboundBlockEntityTagQuery  id 1 larger than expected error detected, printing packet and buffer. Stacktrace gets logged after this
[26Dec2024 00:16:42.643] [Netty Epoll Server IO #0/WARN] [com.connectivity.Connectivity/]: Packet data:
{
  "f_133798_": 1,
  "f_133799_": "BlockPos{x=2622464, y=827, z=1073200}"
}
[26Dec2024 00:16:42.644] [Netty Epoll Server IO #0/WARN] [com.connectivity.Connectivity/]: Packet:PooledUnsafeDirectByteBuf  id 1 data of 28 extra bytes: 
[26Dec2024 00:16:42.644] [Netty Epoll Server IO #0/WARN] [com.connectivity.Connectivity/]: Packet data:
[
  ",HMan0{-q"
]
[26Dec2024 00:16:42.916] [Netty Epoll Server IO #1/WARN] [com.connectivity.Connectivity/]: Packet:ServerboundBlockEntityTagQuery  id 1 larger than expected error detected, printing packet and buffer. Stacktrace gets logged after this
[26Dec2024 00:16:42.916] [Netty Epoll Server IO #1/WARN] [com.connectivity.Connectivity/]: Packet data:
{
  "f_133798_": 1,
  "f_133799_": "BlockPos{x=2622464, y=863, z=1073200}"
}
[26Dec2024 00:16:42.917] [Netty Epoll Server IO #1/WARN] [com.connectivity.Connectivity/]: Packet:PooledUnsafeDirectByteBuf  id 1 data of 44 extra bytes: 
[26Dec2024 00:16:42.917] [Netty Epoll Server IO #1/WARN] [com.connectivity.Connectivity/]: Packet data:
[
  "L}id~6YQyb=a>IG W>lc"
]
[26Dec2024 00:16:43.233] [Netty Epoll Server IO #2/WARN] [com.connectivity.Connectivity/]: Packet:ServerboundBlockEntityTagQuery  id 1 larger than expected error detected, printing packet and buffer. Stacktrace gets logged after this
[26Dec2024 00:16:43.237] [Netty Epoll Server IO #2/WARN] [com.connectivity.Connectivity/]: Packet data:
{
  "f_133798_": 1,
  "f_133799_": "BlockPos{x=5768192, y=837, z=1122352}"
}
[26Dec2024 00:16:43.237] [Netty Epoll Server IO #2/WARN] [com.connectivity.Connectivity/]: Packet:PooledUnsafeDirectByteBuf  id 1 data of 79 extra bytes: 
[26Dec2024 00:16:43.238] [Netty Epoll Server IO #2/WARN] [com.connectivity.Connectivity/]: Packet data:
[
  "V4[Ilkz #-T_~(B (#OFP4MW32+/,0"
]
[26Dec2024 00:16:43.238] [Netty Epoll Server IO #2/WARN] [com.connectivity.Connectivity/]: Packet:ServerboundEntityTagQuery  id 15 larger than expected error detected, printing packet and buffer. Stacktrace gets logged after this
[26Dec2024 00:16:43.240] [Netty Epoll Server IO #2/WARN] [com.connectivity.Connectivity/]: Packet data:
{
  "f_134014_": 1417086,
  "f_134015_": 6702
}
[26Dec2024 00:16:43.240] [Netty Epoll Server IO #2/WARN] [com.connectivity.Connectivity/]: Packet:PooledUnsafeDirectByteBuf  id 15 data of 73 extra bytes: 
[26Dec2024 00:16:43.242] [Netty Epoll Server IO #2/WARN] [com.connectivity.Connectivity/]: Packet data:
[
  "[Ilkz #-T_~(B (#OFP4MW32+/,0"
]
[26Dec2024 00:16:43.265] [Netty Epoll Server IO #3/WARN] [com.connectivity.Connectivity/]: Packet:ServerboundBlockEntityTagQuery  id 1 larger than expected error detected, printing packet and buffer. Stacktrace gets logged after this
[26Dec2024 00:16:43.265] [Netty Epoll Server IO #3/WARN] [com.connectivity.Connectivity/]: Packet data:
{
  "f_133798_": 1,
  "f_133799_": "BlockPos{x=2622464, y=999, z=1073200}"
}
[26Dec2024 00:16:43.266] [Netty Epoll Server IO #3/WARN] [com.connectivity.Connectivity/]: Packet:PooledUnsafeDirectByteBuf  id 1 data of 11 extra bytes: 
[26Dec2024 00:16:43.266] [Netty Epoll Server IO #3/WARN] [com.connectivity.Connectivity/]: Packet data:
[
  "<partial numeric data>",
  "[-91, 15, -4, 13, -123, -34, 119, -58, 19, 84, 56]"
]
[26Dec2024 00:16:43.475] [Netty Epoll Server IO #0/WARN] [com.connectivity.Connectivity/]: Packet:ServerboundBlockEntityTagQuery  id 1 larger than expected error detected, printing packet and buffer. Stacktrace gets logged after this
[26Dec2024 00:16:43.476] [Netty Epoll Server IO #0/WARN] [com.connectivity.Connectivity/]: Packet data:
{
  "f_133798_": 0,
  "f_133799_": "BlockPos{x=-8125440, y=871, z=905264}"
}
[26Dec2024 00:16:43.476] [Netty Epoll Server IO #0/WARN] [com.connectivity.Connectivity/]: Packet:PooledUnsafeDirectByteBuf  id 1 data of 31 extra bytes: 
[26Dec2024 00:16:43.476] [Netty Epoll Server IO #0/WARN] [com.connectivity.Connectivity/]: Packet data:
[
  "/ >&m7T<W"
]
[26Dec2024 00:16:43.585] [Netty Epoll Server IO #1/WARN] [com.connectivity.Connectivity/]: Packet:ServerboundBlockEntityTagQuery  id 1 larger than expected error detected, printing packet and buffer. Stacktrace gets logged after this
[26Dec2024 00:16:43.585] [Netty Epoll Server IO #1/WARN] [com.connectivity.Connectivity/]: Packet data:
{
  "f_133798_": 1,
  "f_133799_": "BlockPos{x=2622464, y=936, z=1073200}"
}
[26Dec2024 00:16:43.585] [Netty Epoll Server IO #1/WARN] [com.connectivity.Connectivity/]: Packet:PooledUnsafeDirectByteBuf  id 1 data of 39 extra bytes: 
[26Dec2024 00:16:43.586] [Netty Epoll Server IO #1/WARN] [com.connectivity.Connectivity/]: Packet data:
[
  "<PkxO\\j(B D8v8"
]
[26Dec2024 00:16:43.586] [Netty Epoll Server IO #1/WARN] [com.connectivity.Connectivity/]: Packet:Pos  id 20 larger than expected error detected, printing packet and buffer. Stacktrace gets logged after this
[26Dec2024 00:16:43.604] [Netty Epoll Server IO #1/WARN] [com.connectivity.Connectivity/]: Packet data:
{
  "f_134118_": -1.1496586828683269E-67,
  "f_134119_": -2.976205718176631E-26,
  "f_134120_": 6.999070512471231E139,
  "f_134121_": 0.0,
  "f_134122_": 0.0,
  "f_134123_": true,
  "f_134124_": true,
  "f_134125_": false
}
[26Dec2024 00:16:43.605] [Netty Epoll Server IO #1/WARN] [com.connectivity.Connectivity/]: Packet:PooledUnsafeDirectByteBuf  id 20 data of 14 extra bytes: 
[26Dec2024 00:16:43.605] [Netty Epoll Server IO #1/WARN] [com.connectivity.Connectivity/]: Packet data:
[
  "<partial numeric data>",
  "[-87, -88, -22, 32, -46, 68, 56, 118, -68, -39, -79, 56, 71, -93]"
]
[26Dec2024 00:16:43.709] [Netty Epoll Server IO #3/WARN] [com.connectivity.Connectivity/]: Packet:ServerboundBlockEntityTagQuery  id 1 larger than expected error detected, printing packet and buffer. Stacktrace gets logged after this
[26Dec2024 00:16:43.710] [Netty Epoll Server IO #3/WARN] [com.connectivity.Connectivity/]: Packet data:
{
  "f_133798_": 1,
  "f_133799_": "BlockPos{x=2622464, y=890, z=1073200}"
}
[26Dec2024 00:16:43.711] [Netty Epoll Server IO #3/WARN] [com.connectivity.Connectivity/]: Packet:PooledUnsafeDirectByteBuf  id 1 data of 11 extra bytes: 
[26Dec2024 00:16:43.712] [Netty Epoll Server IO #3/WARN] [com.connectivity.Connectivity/]: Packet data:
[
  "<partial numeric data>",
  "[-81, -121, -63, -122, -46, 37, 61, 32, -15, 35, 83]"
]
[26Dec2024 00:16:43.781] [Netty Epoll Server IO #1/WARN] [com.connectivity.Connectivity/]: Packet:ServerboundBlockEntityTagQuery  id 1 larger than expected error detected, printing packet and buffer. Stacktrace gets logged after this
[26Dec2024 00:16:43.782] [Netty Epoll Server IO #1/WARN] [com.connectivity.Connectivity/]: Packet data:
{
  "f_133798_": 1,
  "f_133799_": "BlockPos{x=2622464, y=907, z=1073200}"
}
[26Dec2024 00:16:43.784] [Netty Epoll Server IO #1/WARN] [com.connectivity.Connectivity/]: Packet:PooledUnsafeDirectByteBuf  id 1 data of 84 extra bytes: 
[26Dec2024 00:16:43.784] [Netty Epoll Server IO #1/WARN] [com.connectivity.Connectivity/]: Packet data:
[
  "Kwuk'HJ6&0Eo Q9r= a'#j^4`}F,bIP#S&+/,0"
]
[26Dec2024 00:16:43.793] [Netty Epoll Server IO #1/WARN] [com.connectivity.Connectivity/]: Packet:ServerboundSelectTradePacket  id 38 larger than expected error detected, printing packet and buffer. Stacktrace gets logged after this
[26Dec2024 00:16:43.793] [Netty Epoll Server IO #1/WARN] [com.connectivity.Connectivity/]: Packet data:
{
  "f_134459_": 6236
}
[26Dec2024 00:16:43.794] [Netty Epoll Server IO #1/WARN] [com.connectivity.Connectivity/]: Packet:PooledUnsafeDirectByteBuf  id 38 data of 126 extra bytes: 
[26Dec2024 00:16:43.794] [Netty Epoll Server IO #1/WARN] [com.connectivity.Connectivity/]: Packet data:
[
  "Eo Q9r= a'#j^4`}F,bIP#S&+/,0/516.ip.gl.ply.gg"
]
[26Dec2024 00:16:43.794] [Netty Epoll Server IO #1/WARN] [com.connectivity.Connectivity/]: Packet:Rot  id 22 larger than expected error detected, printing packet and buffer. Stacktrace gets logged after this
[26Dec2024 00:16:43.795] [Netty Epoll Server IO #1/WARN] [com.connectivity.Connectivity/]: Packet data:
{
  "f_134118_": 0.0,
  "f_134119_": 0.0,
  "f_134120_": 0.0,
  "f_134121_": 3826.006,
  "f_134122_": 1.607507E-32,
  "f_134123_": true,
  "f_134124_": false,
  "f_134125_": true
}
[26Dec2024 00:16:43.796] [Netty Epoll Server IO #1/WARN] [com.connectivity.Connectivity/]: Packet:PooledUnsafeDirectByteBuf  id 22 data of 116 extra bytes: 
[26Dec2024 00:16:43.796] [Netty Epoll Server IO #1/WARN] [com.connectivity.Connectivity/]: Packet data:
[
  "Q9r= a'#j^4`}F,bIP#S&+/,0/516.ip.gl.ply.gg"
]
[26Dec2024 00:16:43.797] [Netty Epoll Server IO #1/WARN] [com.connectivity.Connectivity/]: Packet:ServerboundPongPacket  id 32 larger than expected error detected, printing packet and buffer. Stacktrace gets logged after this
[26Dec2024 00:16:43.797] [Netty Epoll Server IO #1/WARN] [com.connectivity.Connectivity/]: Packet data:
{
  "f_179721_": -1678483161
}
[26Dec2024 00:16:43.798] [Netty Epoll Server IO #1/WARN] [com.connectivity.Connectivity/]: Packet:PooledUnsafeDirectByteBuf  id 32 data of 138 extra bytes: 
[26Dec2024 00:16:43.798] [Netty Epoll Server IO #1/WARN] [com.connectivity.Connectivity/]: Packet data:
[
  "#j^4`}F,bIP#S&+/,0/516.ip.gl.ply.gg"
]
[26Dec2024 00:16:43.799] [Netty Epoll Server IO #1/WARN] [io.netty.util.concurrent.DefaultPromise/]: An exception was thrown by net.minecraft.network.Connection$$Lambda/0x00007b61804c1248.operationComplete()
java.util.NoSuchElementException: DefaultChannelPipeline$TailContext#0
	at io.netty.channel.DefaultChannelPipeline.getContextOrDie(DefaultChannelPipeline.java:1073) ~[netty-transport-4.1.82.Final.jar%2385!/:4.1.82.Final]
	at io.netty.channel.DefaultChannelPipeline.remove(DefaultChannelPipeline.java:423) ~[netty-transport-4.1.82.Final.jar%2385!/:4.1.82.Final]
	at net.minecraft.network.Connection.md1cccab$lambda$on$0$2(Connection.java:1110) ~[server-1.20.1-20230612.114412-srg.jar%23381!/:?]
	at io.netty.util.concurrent.DefaultPromise.notifyListener0(DefaultPromise.java:578) ~[netty-common-4.1.82.Final.jar%2382!/:4.1.82.Final]
	at io.netty.util.concurrent.DefaultPromise.notifyListenersNow(DefaultPromise.java:552) ~[netty-common-4.1.82.Final.jar%2382!/:4.1.82.Final]
	at io.netty.util.concurrent.DefaultPromise.notifyListeners(DefaultPromise.java:491) ~[netty-common-4.1.82.Final.jar%2382!/:4.1.82.Final]
	at io.netty.util.concurrent.DefaultPromise.addListener(DefaultPromise.java:184) ~[netty-common-4.1.82.Final.jar%2382!/:4.1.82.Final]
	at io.netty.channel.DefaultChannelPromise.addListener(DefaultChannelPromise.java:95) ~[netty-transport-4.1.82.Final.jar%2385!/:4.1.82.Final]
	at io.netty.channel.DefaultChannelPromise.addListener(DefaultChannelPromise.java:30) ~[netty-transport-4.1.82.Final.jar%2385!/:4.1.82.Final]
	at net.minecraft.network.Connection.md1cccab$lambda$on$1$1(Connection.java:1088) ~[server-1.20.1-20230612.114412-srg.jar%23381!/:?]
	at io.netty.util.concurrent.DefaultPromise.notifyListener0(DefaultPromise.java:578) ~[netty-common-4.1.82.Final.jar%2382!/:4.1.82.Final]
	at io.netty.util.concurrent.DefaultPromise.notifyListenersNow(DefaultPromise.java:552) ~[netty-common-4.1.82.Final.jar%2382!/:4.1.82.Final]
	at io.netty.util.concurrent.DefaultPromise.notifyListeners(DefaultPromise.java:491) ~[netty-common-4.1.82.Final.jar%2382!/:4.1.82.Final]
	at io.netty.util.concurrent.DefaultPromise.setValue0(DefaultPromise.java:616) ~[netty-common-4.1.82.Final.jar%2382!/:4.1.82.Final]
	at io.netty.util.concurrent.DefaultPromise.setSuccess0(DefaultPromise.java:605) ~[netty-common-4.1.82.Final.jar%2382!/:4.1.82.Final]
	at io.netty.util.concurrent.DefaultPromise.trySuccess(DefaultPromise.java:104) ~[netty-common-4.1.82.Final.jar%2382!/:4.1.82.Final]
	at io.netty.channel.DefaultChannelPromise.trySuccess(DefaultChannelPromise.java:84) ~[netty-transport-4.1.82.Final.jar%2385!/:4.1.82.Final]
	at io.netty.channel.AbstractChannel$AbstractUnsafe.safeSetSuccess(AbstractChannel.java:990) ~[netty-transport-4.1.82.Final.jar%2385!/:4.1.82.Final]
	at io.netty.channel.AbstractChannel$AbstractUnsafe$7.run(AbstractChannel.java:823) ~[netty-transport-4.1.82.Final.jar%2385!/:4.1.82.Final]
	at io.netty.util.concurrent.AbstractEventExecutor.runTask(AbstractEventExecutor.java:174) ~[netty-common-4.1.82.Final.jar%2382!/:4.1.82.Final]
	at io.netty.util.concurrent.AbstractEventExecutor.safeExecute(AbstractEventExecutor.java:167) ~[netty-common-4.1.82.Final.jar%2382!/:4.1.82.Final]
	at io.netty.util.concurrent.SingleThreadEventExecutor.runAllTasks(SingleThreadEventExecutor.java:470) ~[netty-common-4.1.82.Final.jar%2382!/:4.1.82.Final]
	at io.netty.channel.epoll.EpollEventLoop.run(EpollEventLoop.java:403) ~[netty-transport-classes-epoll-4.1.82.Final.jar%2386!/:4.1.82.Final]
	at io.netty.util.concurrent.SingleThreadEventExecutor$4.run(SingleThreadEventExecutor.java:997) ~[netty-common-4.1.82.Final.jar%2382!/:4.1.82.Final]
	at io.netty.util.internal.ThreadExecutorMap$2.run(ThreadExecutorMap.java:74) ~[netty-common-4.1.82.Final.jar%2382!/:4.1.82.Final]
	at java.lang.Thread.run(Thread.java:1583) ~[?:?]
[26Dec2024 00:16:43.835] [Netty Epoll Server IO #0/WARN] [com.connectivity.Connectivity/]: Packet:ServerboundBlockEntityTagQuery  id 1 larger than expected error detected, printing packet and buffer. Stacktrace gets logged after this
[26Dec2024 00:16:43.837] [Netty Epoll Server IO #0/WARN] [com.connectivity.Connectivity/]: Packet data:
{
  "f_133798_": 0,
  "f_133799_": "BlockPos{x=-11271168, y=1004, z=856112}"
}
[26Dec2024 00:16:43.838] [Netty Epoll Server IO #0/WARN] [com.connectivity.Connectivity/]: Packet:PooledUnsafeDirectByteBuf  id 1 data of 117 extra bytes: 
[26Dec2024 00:16:43.838] [Netty Epoll Server IO #0/WARN] [com.connectivity.Connectivity/]: Packet data:
[
  "e*}c,U8,0+/$(k#'g93=<5/p16.ip.gl.ply.gg"
]
[26Dec2024 00:16:43.841] [Netty Epoll Server IO #0/WARN] [com.connectivity.Connectivity/]: Packet:ServerboundChangeDifficultyPacket  id 2 larger than expected error detected, printing packet and buffer. Stacktrace gets logged after this
[26Dec2024 00:16:43.842] [Netty Epoll Server IO #0/WARN] [com.connectivity.Connectivity/]: Packet data:
{
  "f_133814_": "PEACEFUL"
}
[26Dec2024 00:16:43.843] [Netty Epoll Server IO #0/WARN] [com.connectivity.Connectivity/]: Packet:PooledUnsafeDirectByteBuf  id 2 data of 159 extra bytes: 
[26Dec2024 00:16:43.843] [Netty Epoll Server IO #0/WARN] [com.connectivity.Connectivity/]: Packet data:
[
  "c,U8,0+/$(k#'g93=<5/p16.ip.gl.ply.gg0."
]
[26Dec2024 00:16:43.844] [Netty Epoll Server IO #0/WARN] [com.connectivity.Connectivity/]: Packet:ServerboundAcceptTeleportationPacket  id 0 larger than expected error detected, printing packet and buffer. Stacktrace gets logged after this
[26Dec2024 00:16:43.845] [Netty Epoll Server IO #0/WARN] [com.connectivity.Connectivity/]: Packet data:
{
  "f_133785_": 0
}
[26Dec2024 00:16:43.846] [Netty Epoll Server IO #0/WARN] [com.connectivity.Connectivity/]: Packet:PooledUnsafeDirectByteBuf  id 0 data of 148 extra bytes: 
[26Dec2024 00:16:43.847] [Netty Epoll Server IO #0/WARN] [com.connectivity.Connectivity/]: Packet data:
[
  "8,0+/$(k#'g93=<5/p16.ip.gl.ply.gg0."
]
